<?xml version="1.0" encoding="UTF-8"?>
<!-- Generated by org.testng.reporters.JUnitReportReporter -->
<testsuite hostname="MightyHawk-Dell" failures="0" tests="2" name="tests.FeatureClass" time="18.887" errors="0" timestamp="2021-01-18T21:13:30 AEDT" skipped="0">
  <testcase classname="tests.FeatureClass" name="launchTest" time="2.094"/>
  <system-out/>
  <testcase classname="tests.FeatureClass" name="addToCart" time="16.793"/>
  <system-out/>
</testsuite> <!-- tests.FeatureClass -->
